0 info it worked if it ends with ok
1 verbose cli [ 'C:\\Program Files (x86)\\Nodist\\v-x64\\6.6.0\\node.exe',
1 verbose cli   'C:\\Program Files (x86)\\Nodist\\npmv\\2.15.10\\bin\\npm-cli.js',
1 verbose cli   'start' ]
2 info using npm@2.15.10
3 info using node@v6.6.0
4 verbose run-script [ 'prestart', 'start', 'poststart' ]
5 info prestart emock@1.0.0
6 info start emock@1.0.0
7 verbose unsafe-perm in lifecycle true
8 info emock@1.0.0 Failed to exec start script
9 verbose stack Error: emock@1.0.0 start: `node server.js`
9 verbose stack Exit status 1
9 verbose stack     at EventEmitter.<anonymous> (C:\Program Files (x86)\Nodist\npmv\2.15.10\lib\utils\lifecycle.js:217:16)
9 verbose stack     at emitTwo (events.js:106:13)
9 verbose stack     at EventEmitter.emit (events.js:191:7)
9 verbose stack     at ChildProcess.<anonymous> (C:\Program Files (x86)\Nodist\npmv\2.15.10\lib\utils\spawn.js:24:14)
9 verbose stack     at emitTwo (events.js:106:13)
9 verbose stack     at ChildProcess.emit (events.js:191:7)
9 verbose stack     at maybeClose (internal/child_process.js:877:16)
9 verbose stack     at Process.ChildProcess._handle.onexit (internal/child_process.js:226:5)
10 verbose pkgid emock@1.0.0
11 verbose cwd D:\work\emotiv-js
12 error Windows_NT 10.0.14393
13 error argv "C:\\Program Files (x86)\\Nodist\\v-x64\\6.6.0\\node.exe" "C:\\Program Files (x86)\\Nodist\\npmv\\2.15.10\\bin\\npm-cli.js" "start"
14 error node v6.6.0
15 error npm  v2.15.10
16 error code ELIFECYCLE
17 error emock@1.0.0 start: `node server.js`
17 error Exit status 1
18 error Failed at the emock@1.0.0 start script 'node server.js'.
18 error This is most likely a problem with the emock package,
18 error not with npm itself.
18 error Tell the author that this fails on your system:
18 error     node server.js
18 error You can get information on how to open an issue for this project with:
18 error     npm bugs emock
18 error Or if that isn't available, you can get their info via:
18 error
18 error     npm owner ls emock
18 error There is likely additional logging output above.
19 verbose exit [ 1, true ]
